[1.670s] Invoking command in '/home/croissant/Documents/Torpedo/ROS/ros2_ws/src/my_robot_controller': PYTHONPATH=/home/croissant/Documents/Torpedo/ROS/ros2_ws/build/my_robot_controller/prefix_override:/home/croissant/Documents/Torpedo/ROS/ros2_ws/install/my_robot_controller/lib/python3.10/site-packages:${PYTHONPATH} /usr/bin/python3 setup.py egg_info --egg-base ../../build/my_robot_controller build --build-base /home/croissant/Documents/Torpedo/ROS/ros2_ws/build/my_robot_controller/build install --record /home/croissant/Documents/Torpedo/ROS/ros2_ws/build/my_robot_controller/install.log --single-version-externally-managed
[1.961s] running egg_info
[1.961s] creating ../../build/my_robot_controller/my_robot_controller.egg-info
[1.962s] writing ../../build/my_robot_controller/my_robot_controller.egg-info/PKG-INFO
[1.962s] writing dependency_links to ../../build/my_robot_controller/my_robot_controller.egg-info/dependency_links.txt
[1.962s] writing entry points to ../../build/my_robot_controller/my_robot_controller.egg-info/entry_points.txt
[1.962s] writing requirements to ../../build/my_robot_controller/my_robot_controller.egg-info/requires.txt
[1.963s] writing top-level names to ../../build/my_robot_controller/my_robot_controller.egg-info/top_level.txt
[1.963s] writing manifest file '../../build/my_robot_controller/my_robot_controller.egg-info/SOURCES.txt'
[1.966s] reading manifest file '../../build/my_robot_controller/my_robot_controller.egg-info/SOURCES.txt'
[1.967s] writing manifest file '../../build/my_robot_controller/my_robot_controller.egg-info/SOURCES.txt'
[1.967s] running build
[1.968s] running build_py
[1.968s] creating /home/croissant/Documents/Torpedo/ROS/ros2_ws/build/my_robot_controller/build
[1.968s] creating /home/croissant/Documents/Torpedo/ROS/ros2_ws/build/my_robot_controller/build/lib
[1.968s] creating /home/croissant/Documents/Torpedo/ROS/ros2_ws/build/my_robot_controller/build/lib/my_robot_controller
[1.968s] copying my_robot_controller/__init__.py -> /home/croissant/Documents/Torpedo/ROS/ros2_ws/build/my_robot_controller/build/lib/my_robot_controller
[1.968s] running install
[1.996s] /usr/lib/python3/dist-packages/setuptools/command/install.py:34: SetuptoolsDeprecationWarning: setup.py install is deprecated. Use build and pip and other standards-based tools.
[1.996s]   warnings.warn(
[1.996s] running install_lib
[1.997s] creating /home/croissant/Documents/Torpedo/ROS/ros2_ws/install/my_robot_controller/lib/python3.10/site-packages/my_robot_controller
[1.997s] copying /home/croissant/Documents/Torpedo/ROS/ros2_ws/build/my_robot_controller/build/lib/my_robot_controller/__init__.py -> /home/croissant/Documents/Torpedo/ROS/ros2_ws/install/my_robot_controller/lib/python3.10/site-packages/my_robot_controller
[1.998s] byte-compiling /home/croissant/Documents/Torpedo/ROS/ros2_ws/install/my_robot_controller/lib/python3.10/site-packages/my_robot_controller/__init__.py to __init__.cpython-310.pyc
[1.998s] running install_data
[1.999s] creating /home/croissant/Documents/Torpedo/ROS/ros2_ws/install/my_robot_controller/share/ament_index
[1.999s] creating /home/croissant/Documents/Torpedo/ROS/ros2_ws/install/my_robot_controller/share/ament_index/resource_index
[1.999s] creating /home/croissant/Documents/Torpedo/ROS/ros2_ws/install/my_robot_controller/share/ament_index/resource_index/packages
[1.999s] copying resource/my_robot_controller -> /home/croissant/Documents/Torpedo/ROS/ros2_ws/install/my_robot_controller/share/ament_index/resource_index/packages
[2.000s] copying package.xml -> /home/croissant/Documents/Torpedo/ROS/ros2_ws/install/my_robot_controller/share/my_robot_controller
[2.000s] running install_egg_info
[2.002s] Copying ../../build/my_robot_controller/my_robot_controller.egg-info to /home/croissant/Documents/Torpedo/ROS/ros2_ws/install/my_robot_controller/lib/python3.10/site-packages/my_robot_controller-0.0.0-py3.10.egg-info
[2.003s] running install_scripts
[2.029s] writing list of installed files to '/home/croissant/Documents/Torpedo/ROS/ros2_ws/build/my_robot_controller/install.log'
[2.068s] Invoked command in '/home/croissant/Documents/Torpedo/ROS/ros2_ws/src/my_robot_controller' returned '0': PYTHONPATH=/home/croissant/Documents/Torpedo/ROS/ros2_ws/build/my_robot_controller/prefix_override:/home/croissant/Documents/Torpedo/ROS/ros2_ws/install/my_robot_controller/lib/python3.10/site-packages:${PYTHONPATH} /usr/bin/python3 setup.py egg_info --egg-base ../../build/my_robot_controller build --build-base /home/croissant/Documents/Torpedo/ROS/ros2_ws/build/my_robot_controller/build install --record /home/croissant/Documents/Torpedo/ROS/ros2_ws/build/my_robot_controller/install.log --single-version-externally-managed
