[1.391s] Invoking command in '/home/croissant/Documents/Torpedo/ROS/ros2_ws/build/my_robot_controller': PYTHONPATH=/home/croissant/Documents/Torpedo/ROS/ros2_ws/build/my_robot_controller/prefix_override:/home/croissant/Documents/Torpedo/ROS/ros2_ws/install/my_robot_controller/lib/python3.10/site-packages:${PYTHONPATH} /usr/bin/python3 setup.py develop --uninstall --editable --build-directory /home/croissant/Documents/Torpedo/ROS/ros2_ws/build/my_robot_controller/build
[1.705s] running develop
[1.909s] Removing /home/croissant/Documents/Torpedo/ROS/ros2_ws/install/my_robot_controller/lib/python3.10/site-packages/my-robot-controller.egg-link (link to .)
[1.956s] Invoked command in '/home/croissant/Documents/Torpedo/ROS/ros2_ws/build/my_robot_controller' returned '0': PYTHONPATH=/home/croissant/Documents/Torpedo/ROS/ros2_ws/build/my_robot_controller/prefix_override:/home/croissant/Documents/Torpedo/ROS/ros2_ws/install/my_robot_controller/lib/python3.10/site-packages:${PYTHONPATH} /usr/bin/python3 setup.py develop --uninstall --editable --build-directory /home/croissant/Documents/Torpedo/ROS/ros2_ws/build/my_robot_controller/build
[1.958s] Invoking command in '/home/croissant/Documents/Torpedo/ROS/ros2_ws/src/my_robot_controller': PYTHONPATH=/home/croissant/Documents/Torpedo/ROS/ros2_ws/build/my_robot_controller/prefix_override:/home/croissant/Documents/Torpedo/ROS/ros2_ws/install/my_robot_controller/lib/python3.10/site-packages:${PYTHONPATH} /usr/bin/python3 setup.py egg_info --egg-base ../../build/my_robot_controller build --build-base /home/croissant/Documents/Torpedo/ROS/ros2_ws/build/my_robot_controller/build install --record /home/croissant/Documents/Torpedo/ROS/ros2_ws/build/my_robot_controller/install.log --single-version-externally-managed
[2.466s] running egg_info
[2.467s] writing ../../build/my_robot_controller/my_robot_controller.egg-info/PKG-INFO
[2.468s] writing dependency_links to ../../build/my_robot_controller/my_robot_controller.egg-info/dependency_links.txt
[2.468s] writing entry points to ../../build/my_robot_controller/my_robot_controller.egg-info/entry_points.txt
[2.468s] writing requirements to ../../build/my_robot_controller/my_robot_controller.egg-info/requires.txt
[2.471s] writing top-level names to ../../build/my_robot_controller/my_robot_controller.egg-info/top_level.txt
[2.475s] reading manifest file '../../build/my_robot_controller/my_robot_controller.egg-info/SOURCES.txt'
[2.499s] writing manifest file '../../build/my_robot_controller/my_robot_controller.egg-info/SOURCES.txt'
[2.499s] running build
[2.499s] running build_py
[2.500s] copying my_robot_controller/draw_circle.py -> /home/croissant/Documents/Torpedo/ROS/ros2_ws/build/my_robot_controller/build/lib/my_robot_controller
[2.500s] copying my_robot_controller/my_first_node.py -> /home/croissant/Documents/Torpedo/ROS/ros2_ws/build/my_robot_controller/build/lib/my_robot_controller
[2.500s] running install
[2.501s] running install_lib
[2.503s] creating /home/croissant/Documents/Torpedo/ROS/ros2_ws/install/my_robot_controller/lib/python3.10/site-packages/my_robot_controller
[2.503s] copying /home/croissant/Documents/Torpedo/ROS/ros2_ws/build/my_robot_controller/build/lib/my_robot_controller/__init__.py -> /home/croissant/Documents/Torpedo/ROS/ros2_ws/install/my_robot_controller/lib/python3.10/site-packages/my_robot_controller
[2.503s] copying /home/croissant/Documents/Torpedo/ROS/ros2_ws/build/my_robot_controller/build/lib/my_robot_controller/draw_circle.py -> /home/croissant/Documents/Torpedo/ROS/ros2_ws/install/my_robot_controller/lib/python3.10/site-packages/my_robot_controller
[2.504s] copying /home/croissant/Documents/Torpedo/ROS/ros2_ws/build/my_robot_controller/build/lib/my_robot_controller/my_first_node.py -> /home/croissant/Documents/Torpedo/ROS/ros2_ws/install/my_robot_controller/lib/python3.10/site-packages/my_robot_controller
[2.504s] byte-compiling /home/croissant/Documents/Torpedo/ROS/ros2_ws/install/my_robot_controller/lib/python3.10/site-packages/my_robot_controller/__init__.py to __init__.cpython-310.pyc
[2.505s] byte-compiling /home/croissant/Documents/Torpedo/ROS/ros2_ws/install/my_robot_controller/lib/python3.10/site-packages/my_robot_controller/draw_circle.py to draw_circle.cpython-310.pyc
[2.505s] byte-compiling /home/croissant/Documents/Torpedo/ROS/ros2_ws/install/my_robot_controller/lib/python3.10/site-packages/my_robot_controller/my_first_node.py to my_first_node.cpython-310.pyc
[2.506s] running install_data
[2.508s] copying package.xml -> /home/croissant/Documents/Torpedo/ROS/ros2_ws/install/my_robot_controller/share/my_robot_controller
[2.508s] running install_egg_info
[2.514s] Copying ../../build/my_robot_controller/my_robot_controller.egg-info to /home/croissant/Documents/Torpedo/ROS/ros2_ws/install/my_robot_controller/lib/python3.10/site-packages/my_robot_controller-0.0.0-py3.10.egg-info
[2.532s] running install_scripts
[2.588s] Installing draw_circle script to /home/croissant/Documents/Torpedo/ROS/ros2_ws/install/my_robot_controller/lib/my_robot_controller
[2.588s] Installing test_node script to /home/croissant/Documents/Torpedo/ROS/ros2_ws/install/my_robot_controller/lib/my_robot_controller
[2.589s] writing list of installed files to '/home/croissant/Documents/Torpedo/ROS/ros2_ws/build/my_robot_controller/install.log'
[2.663s] Invoked command in '/home/croissant/Documents/Torpedo/ROS/ros2_ws/src/my_robot_controller' returned '0': PYTHONPATH=/home/croissant/Documents/Torpedo/ROS/ros2_ws/build/my_robot_controller/prefix_override:/home/croissant/Documents/Torpedo/ROS/ros2_ws/install/my_robot_controller/lib/python3.10/site-packages:${PYTHONPATH} /usr/bin/python3 setup.py egg_info --egg-base ../../build/my_robot_controller build --build-base /home/croissant/Documents/Torpedo/ROS/ros2_ws/build/my_robot_controller/build install --record /home/croissant/Documents/Torpedo/ROS/ros2_ws/build/my_robot_controller/install.log --single-version-externally-managed
