[0.993s] DEBUG:colcon:Command line arguments: ['/usr/bin/colcon', 'build', '--symlink-install']
[0.993s] DEBUG:colcon:Parsed command line arguments: Namespace(log_base=None, log_level=None, verb_name='build', build_base='build', install_base='install', merge_install=False, symlink_install=True, test_result_base=None, continue_on_error=False, executor='parallel', parallel_workers=4, event_handlers=None, ignore_user_meta=False, metas=['./colcon.meta'], base_paths=['.'], packages_ignore=None, packages_ignore_regex=None, paths=None, packages_up_to=None, packages_up_to_regex=None, packages_above=None, packages_above_and_dependencies=None, packages_above_depth=None, packages_select_by_dep=None, packages_skip_by_dep=None, packages_skip_up_to=None, packages_select_build_failed=False, packages_skip_build_finished=False, packages_select_test_failures=False, packages_skip_test_passed=False, packages_select=None, packages_skip=None, packages_select_regex=None, packages_skip_regex=None, packages_start=None, packages_end=None, allow_overriding=[], cmake_args=None, cmake_target=None, cmake_target_skip_unavailable=False, cmake_clean_cache=False, cmake_clean_first=False, cmake_force_configure=False, ament_cmake_args=None, catkin_cmake_args=None, catkin_skip_building_tests=False, verb_parser=<colcon_defaults.argument_parser.defaults.DefaultArgumentsDecorator object at 0x7f359549eec0>, verb_extension=<colcon_core.verb.build.BuildVerb object at 0x7f35957b4130>, main=<bound method BuildVerb.main of <colcon_core.verb.build.BuildVerb object at 0x7f35957b4130>>)
[1.041s] Level 1:colcon.colcon_core.package_discovery:discover_packages(colcon_meta) check parameters
[1.041s] Level 1:colcon.colcon_core.package_discovery:discover_packages(recursive) check parameters
[1.041s] Level 1:colcon.colcon_core.package_discovery:discover_packages(ignore) check parameters
[1.041s] Level 1:colcon.colcon_core.package_discovery:discover_packages(path) check parameters
[1.041s] Level 1:colcon.colcon_core.package_discovery:discover_packages(colcon_meta) discover
[1.041s] Level 1:colcon.colcon_core.package_discovery:discover_packages(recursive) discover
[1.041s] INFO:colcon.colcon_core.package_discovery:Crawling recursively for packages in '/home/croissant/Documents/Torpedo/ROS/ros2_ws'
[1.041s] Level 1:colcon.colcon_core.package_identification:_identify(.) by extensions ['ignore', 'ignore_ament_install']
[1.041s] Level 1:colcon.colcon_core.package_identification:_identify(.) by extension 'ignore'
[1.041s] Level 1:colcon.colcon_core.package_identification:_identify(.) by extension 'ignore_ament_install'
[1.041s] Level 1:colcon.colcon_core.package_identification:_identify(.) by extensions ['colcon_pkg']
[1.042s] Level 1:colcon.colcon_core.package_identification:_identify(.) by extension 'colcon_pkg'
[1.042s] Level 1:colcon.colcon_core.package_identification:_identify(.) by extensions ['colcon_meta']
[1.042s] Level 1:colcon.colcon_core.package_identification:_identify(.) by extension 'colcon_meta'
[1.042s] Level 1:colcon.colcon_core.package_identification:_identify(.) by extensions ['ros']
[1.042s] Level 1:colcon.colcon_core.package_identification:_identify(.) by extension 'ros'
[1.053s] Level 1:colcon.colcon_core.package_identification:_identify(.) by extensions ['cmake', 'python']
[1.054s] Level 1:colcon.colcon_core.package_identification:_identify(.) by extension 'cmake'
[1.054s] Level 1:colcon.colcon_core.package_identification:_identify(.) by extension 'python'
[1.054s] Level 1:colcon.colcon_core.package_identification:_identify(.) by extensions ['python_setup_py']
[1.054s] Level 1:colcon.colcon_core.package_identification:_identify(.) by extension 'python_setup_py'
[1.054s] Level 1:colcon.colcon_core.package_identification:_identify(build) by extensions ['ignore', 'ignore_ament_install']
[1.054s] Level 1:colcon.colcon_core.package_identification:_identify(build) by extension 'ignore'
[1.054s] Level 1:colcon.colcon_core.package_identification:_identify(build) ignored
[1.054s] Level 1:colcon.colcon_core.package_identification:_identify(install) by extensions ['ignore', 'ignore_ament_install']
[1.054s] Level 1:colcon.colcon_core.package_identification:_identify(install) by extension 'ignore'
[1.054s] Level 1:colcon.colcon_core.package_identification:_identify(install) ignored
[1.055s] Level 1:colcon.colcon_core.package_identification:_identify(log) by extensions ['ignore', 'ignore_ament_install']
[1.055s] Level 1:colcon.colcon_core.package_identification:_identify(log) by extension 'ignore'
[1.055s] Level 1:colcon.colcon_core.package_identification:_identify(log) ignored
[1.055s] Level 1:colcon.colcon_core.package_identification:_identify(src) by extensions ['ignore', 'ignore_ament_install']
[1.055s] Level 1:colcon.colcon_core.package_identification:_identify(src) by extension 'ignore'
[1.055s] Level 1:colcon.colcon_core.package_identification:_identify(src) by extension 'ignore_ament_install'
[1.055s] Level 1:colcon.colcon_core.package_identification:_identify(src) by extensions ['colcon_pkg']
[1.055s] Level 1:colcon.colcon_core.package_identification:_identify(src) by extension 'colcon_pkg'
[1.055s] Level 1:colcon.colcon_core.package_identification:_identify(src) by extensions ['colcon_meta']
[1.055s] Level 1:colcon.colcon_core.package_identification:_identify(src) by extension 'colcon_meta'
[1.055s] Level 1:colcon.colcon_core.package_identification:_identify(src) by extensions ['ros']
[1.055s] Level 1:colcon.colcon_core.package_identification:_identify(src) by extension 'ros'
[1.056s] Level 1:colcon.colcon_core.package_identification:_identify(src) by extensions ['cmake', 'python']
[1.056s] Level 1:colcon.colcon_core.package_identification:_identify(src) by extension 'cmake'
[1.056s] Level 1:colcon.colcon_core.package_identification:_identify(src) by extension 'python'
[1.056s] Level 1:colcon.colcon_core.package_identification:_identify(src) by extensions ['python_setup_py']
[1.056s] Level 1:colcon.colcon_core.package_identification:_identify(src) by extension 'python_setup_py'
[1.056s] Level 1:colcon.colcon_core.package_identification:_identify(src/my_robot_controller) by extensions ['ignore', 'ignore_ament_install']
[1.056s] Level 1:colcon.colcon_core.package_identification:_identify(src/my_robot_controller) by extension 'ignore'
[1.056s] Level 1:colcon.colcon_core.package_identification:_identify(src/my_robot_controller) by extension 'ignore_ament_install'
[1.056s] Level 1:colcon.colcon_core.package_identification:_identify(src/my_robot_controller) by extensions ['colcon_pkg']
[1.056s] Level 1:colcon.colcon_core.package_identification:_identify(src/my_robot_controller) by extension 'colcon_pkg'
[1.056s] Level 1:colcon.colcon_core.package_identification:_identify(src/my_robot_controller) by extensions ['colcon_meta']
[1.056s] Level 1:colcon.colcon_core.package_identification:_identify(src/my_robot_controller) by extension 'colcon_meta'
[1.057s] Level 1:colcon.colcon_core.package_identification:_identify(src/my_robot_controller) by extensions ['ros']
[1.057s] Level 1:colcon.colcon_core.package_identification:_identify(src/my_robot_controller) by extension 'ros'
[1.060s] DEBUG:colcon.colcon_core.package_identification:Package 'src/my_robot_controller' with type 'ros.ament_python' and name 'my_robot_controller'
[1.060s] Level 1:colcon.colcon_core.package_discovery:discover_packages(recursive) using defaults
[1.060s] Level 1:colcon.colcon_core.package_discovery:discover_packages(ignore) discover
[1.060s] Level 1:colcon.colcon_core.package_discovery:discover_packages(ignore) using defaults
[1.060s] Level 1:colcon.colcon_core.package_discovery:discover_packages(path) discover
[1.060s] Level 1:colcon.colcon_core.package_discovery:discover_packages(path) using defaults
[1.170s] Level 1:colcon.colcon_core.package_discovery:discover_packages(prefix_path) check parameters
[1.170s] Level 1:colcon.colcon_core.package_discovery:discover_packages(prefix_path) discover
[1.214s] DEBUG:colcon.colcon_installed_package_information.package_discovery:Found 1 installed packages in /home/croissant/Documents/Torpedo/ROS/ros2_ws/install
[1.241s] DEBUG:colcon.colcon_installed_package_information.package_discovery:Found 270 installed packages in /opt/ros/humble
[1.242s] Level 1:colcon.colcon_core.package_discovery:discover_packages(prefix_path) using defaults
[1.360s] Level 5:colcon.colcon_core.verb:set package 'my_robot_controller' build argument 'cmake_args' from command line to 'None'
[1.360s] Level 5:colcon.colcon_core.verb:set package 'my_robot_controller' build argument 'cmake_target' from command line to 'None'
[1.360s] Level 5:colcon.colcon_core.verb:set package 'my_robot_controller' build argument 'cmake_target_skip_unavailable' from command line to 'False'
[1.360s] Level 5:colcon.colcon_core.verb:set package 'my_robot_controller' build argument 'cmake_clean_cache' from command line to 'False'
[1.360s] Level 5:colcon.colcon_core.verb:set package 'my_robot_controller' build argument 'cmake_clean_first' from command line to 'False'
[1.361s] Level 5:colcon.colcon_core.verb:set package 'my_robot_controller' build argument 'cmake_force_configure' from command line to 'False'
[1.361s] Level 5:colcon.colcon_core.verb:set package 'my_robot_controller' build argument 'ament_cmake_args' from command line to 'None'
[1.361s] Level 5:colcon.colcon_core.verb:set package 'my_robot_controller' build argument 'catkin_cmake_args' from command line to 'None'
[1.361s] Level 5:colcon.colcon_core.verb:set package 'my_robot_controller' build argument 'catkin_skip_building_tests' from command line to 'False'
[1.361s] DEBUG:colcon.colcon_core.verb:Building package 'my_robot_controller' with the following arguments: {'ament_cmake_args': None, 'build_base': '/home/croissant/Documents/Torpedo/ROS/ros2_ws/build/my_robot_controller', 'catkin_cmake_args': None, 'catkin_skip_building_tests': False, 'cmake_args': None, 'cmake_clean_cache': False, 'cmake_clean_first': False, 'cmake_force_configure': False, 'cmake_target': None, 'cmake_target_skip_unavailable': False, 'install_base': '/home/croissant/Documents/Torpedo/ROS/ros2_ws/install/my_robot_controller', 'merge_install': False, 'path': '/home/croissant/Documents/Torpedo/ROS/ros2_ws/src/my_robot_controller', 'symlink_install': True, 'test_result_base': None}
[1.396s] INFO:colcon.colcon_core.executor:Executing jobs using 'parallel' executor
[1.436s] DEBUG:colcon.colcon_parallel_executor.executor.parallel:run_until_complete
[1.437s] INFO:colcon.colcon_ros.task.ament_python.build:Building ROS package in '/home/croissant/Documents/Torpedo/ROS/ros2_ws/src/my_robot_controller' with build type 'ament_python'
[1.437s] Level 1:colcon.colcon_core.shell:create_environment_hook('my_robot_controller', 'ament_prefix_path')
[1.476s] INFO:colcon.colcon_core.plugin_system:Skipping extension 'colcon_core.shell.bat': Not used on non-Windows systems
[1.477s] INFO:colcon.colcon_core.shell:Creating environment hook '/home/croissant/Documents/Torpedo/ROS/ros2_ws/install/my_robot_controller/share/my_robot_controller/hook/ament_prefix_path.ps1'
[1.478s] INFO:colcon.colcon_core.shell:Creating environment descriptor '/home/croissant/Documents/Torpedo/ROS/ros2_ws/install/my_robot_controller/share/my_robot_controller/hook/ament_prefix_path.dsv'
[1.479s] INFO:colcon.colcon_core.shell:Creating environment hook '/home/croissant/Documents/Torpedo/ROS/ros2_ws/install/my_robot_controller/share/my_robot_controller/hook/ament_prefix_path.sh'
[1.512s] INFO:colcon.colcon_core.shell:Skip shell extension 'powershell' for command environment: Not usable outside of PowerShell
[1.513s] DEBUG:colcon.colcon_core.shell:Skip shell extension 'dsv' for command environment
[2.246s] INFO:colcon.colcon_core.task.python.build:Building Python package in '/home/croissant/Documents/Torpedo/ROS/ros2_ws/src/my_robot_controller'
[2.274s] INFO:colcon.colcon_core.shell:Skip shell extension 'powershell' for command environment: Not usable outside of PowerShell
[2.274s] DEBUG:colcon.colcon_core.shell:Skip shell extension 'dsv' for command environment
[3.207s] DEBUG:colcon.colcon_core.task.python.build:While undoing a previous installation files outside the Python library path are being ignored: /home/croissant/Documents/Torpedo/ROS/ros2_ws/install/my_robot_controller/share/ament_index/resource_index/packages/my_robot_controller
[3.207s] DEBUG:colcon.colcon_core.task.python.build:While undoing a previous installation files outside the Python library path are being ignored: /home/croissant/Documents/Torpedo/ROS/ros2_ws/install/my_robot_controller/share/my_robot_controller/package.xml
[3.208s] DEBUG:colcon.colcon_core.task.python.build:While undoing a previous installation files outside the Python library path are being ignored: /home/croissant/Documents/Torpedo/ROS/ros2_ws/install/my_robot_controller/lib/my_robot_controller/draw_circle
[3.208s] DEBUG:colcon.colcon_core.task.python.build:While undoing a previous installation files outside the Python library path are being ignored: /home/croissant/Documents/Torpedo/ROS/ros2_ws/install/my_robot_controller/lib/my_robot_controller/test_node
[3.212s] DEBUG:colcon.colcon_core.event_handler.log_command:Invoking command in '/home/croissant/Documents/Torpedo/ROS/ros2_ws/build/my_robot_controller': PYTHONPATH=/home/croissant/Documents/Torpedo/ROS/ros2_ws/build/my_robot_controller/prefix_override:/home/croissant/Documents/Torpedo/ROS/ros2_ws/install/my_robot_controller/lib/python3.10/site-packages:${PYTHONPATH} /usr/bin/python3 setup.py develop --editable --build-directory /home/croissant/Documents/Torpedo/ROS/ros2_ws/build/my_robot_controller/build --no-deps install_data
[4.003s] Level 1:colcon.colcon_core.shell:create_environment_hook('my_robot_controller', 'pythonpath_develop')
[4.004s] DEBUG:colcon.colcon_core.event_handler.log_command:Invoked command in '/home/croissant/Documents/Torpedo/ROS/ros2_ws/build/my_robot_controller' returned '0': PYTHONPATH=/home/croissant/Documents/Torpedo/ROS/ros2_ws/build/my_robot_controller/prefix_override:/home/croissant/Documents/Torpedo/ROS/ros2_ws/install/my_robot_controller/lib/python3.10/site-packages:${PYTHONPATH} /usr/bin/python3 setup.py develop --editable --build-directory /home/croissant/Documents/Torpedo/ROS/ros2_ws/build/my_robot_controller/build --no-deps install_data
[4.037s] INFO:colcon.colcon_core.shell:Creating environment hook '/home/croissant/Documents/Torpedo/ROS/ros2_ws/build/my_robot_controller/share/my_robot_controller/hook/pythonpath_develop.ps1'
[4.038s] INFO:colcon.colcon_core.shell:Creating environment descriptor '/home/croissant/Documents/Torpedo/ROS/ros2_ws/build/my_robot_controller/share/my_robot_controller/hook/pythonpath_develop.dsv'
[4.038s] INFO:colcon.colcon_core.shell:Creating environment hook '/home/croissant/Documents/Torpedo/ROS/ros2_ws/build/my_robot_controller/share/my_robot_controller/hook/pythonpath_develop.sh'
[4.078s] Level 1:colcon.colcon_core.environment:checking '/home/croissant/Documents/Torpedo/ROS/ros2_ws/install/my_robot_controller' for CMake module files
[4.079s] Level 1:colcon.colcon_core.environment:checking '/home/croissant/Documents/Torpedo/ROS/ros2_ws/install/my_robot_controller' for CMake config files
[4.080s] Level 1:colcon.colcon_core.environment:checking '/home/croissant/Documents/Torpedo/ROS/ros2_ws/install/my_robot_controller/lib'
[4.081s] Level 1:colcon.colcon_core.environment:checking '/home/croissant/Documents/Torpedo/ROS/ros2_ws/install/my_robot_controller/bin'
[4.081s] Level 1:colcon.colcon_core.environment:checking '/home/croissant/Documents/Torpedo/ROS/ros2_ws/install/my_robot_controller/lib/pkgconfig/my_robot_controller.pc'
[4.082s] Level 1:colcon.colcon_core.environment:checking '/home/croissant/Documents/Torpedo/ROS/ros2_ws/install/my_robot_controller/lib/python3.10/site-packages'
[4.082s] Level 1:colcon.colcon_core.shell:create_environment_hook('my_robot_controller', 'pythonpath')
[4.112s] INFO:colcon.colcon_core.shell:Creating environment hook '/home/croissant/Documents/Torpedo/ROS/ros2_ws/install/my_robot_controller/share/my_robot_controller/hook/pythonpath.ps1'
[4.113s] INFO:colcon.colcon_core.shell:Creating environment descriptor '/home/croissant/Documents/Torpedo/ROS/ros2_ws/install/my_robot_controller/share/my_robot_controller/hook/pythonpath.dsv'
[4.114s] INFO:colcon.colcon_core.shell:Creating environment hook '/home/croissant/Documents/Torpedo/ROS/ros2_ws/install/my_robot_controller/share/my_robot_controller/hook/pythonpath.sh'
[4.116s] Level 1:colcon.colcon_core.environment:checking '/home/croissant/Documents/Torpedo/ROS/ros2_ws/install/my_robot_controller/bin'
[4.116s] Level 1:colcon.colcon_core.environment:create_environment_scripts_only(my_robot_controller)
[4.140s] INFO:colcon.colcon_core.shell:Creating package script '/home/croissant/Documents/Torpedo/ROS/ros2_ws/install/my_robot_controller/share/my_robot_controller/package.ps1'
[4.144s] INFO:colcon.colcon_core.shell:Creating package descriptor '/home/croissant/Documents/Torpedo/ROS/ros2_ws/install/my_robot_controller/share/my_robot_controller/package.dsv'
[4.214s] INFO:colcon.colcon_core.shell:Creating package script '/home/croissant/Documents/Torpedo/ROS/ros2_ws/install/my_robot_controller/share/my_robot_controller/package.sh'
[4.216s] INFO:colcon.colcon_core.shell:Creating package script '/home/croissant/Documents/Torpedo/ROS/ros2_ws/install/my_robot_controller/share/my_robot_controller/package.bash'
[4.217s] INFO:colcon.colcon_core.shell:Creating package script '/home/croissant/Documents/Torpedo/ROS/ros2_ws/install/my_robot_controller/share/my_robot_controller/package.zsh'
[4.239s] Level 1:colcon.colcon_core.environment:create_file_with_runtime_dependencies(/home/croissant/Documents/Torpedo/ROS/ros2_ws/install/my_robot_controller/share/colcon-core/packages/my_robot_controller)
[4.239s] DEBUG:colcon.colcon_parallel_executor.executor.parallel:closing loop
[4.240s] DEBUG:colcon.colcon_parallel_executor.executor.parallel:loop closed
[4.240s] DEBUG:colcon.colcon_parallel_executor.executor.parallel:run_until_complete finished with '0'
[4.240s] DEBUG:colcon.colcon_core.event_reactor:joining thread
[4.275s] INFO:colcon.colcon_core.plugin_system:Skipping extension 'colcon_notification.desktop_notification.terminal_notifier': Not used on non-Darwin systems
[4.276s] INFO:colcon.colcon_core.plugin_system:Skipping extension 'colcon_notification.desktop_notification.win32': Not used on non-Windows systems
[4.276s] INFO:colcon.colcon_notification.desktop_notification:Sending desktop notification using 'notify2'
[4.297s] DEBUG:colcon.colcon_core.event_reactor:joined thread
[4.316s] INFO:colcon.colcon_core.shell:Creating prefix script '/home/croissant/Documents/Torpedo/ROS/ros2_ws/install/local_setup.ps1'
[4.318s] INFO:colcon.colcon_core.shell:Creating prefix util module '/home/croissant/Documents/Torpedo/ROS/ros2_ws/install/_local_setup_util_ps1.py'
[4.321s] INFO:colcon.colcon_core.shell:Creating prefix chain script '/home/croissant/Documents/Torpedo/ROS/ros2_ws/install/setup.ps1'
[4.341s] INFO:colcon.colcon_core.shell:Creating prefix script '/home/croissant/Documents/Torpedo/ROS/ros2_ws/install/local_setup.sh'
[4.345s] INFO:colcon.colcon_core.shell:Creating prefix util module '/home/croissant/Documents/Torpedo/ROS/ros2_ws/install/_local_setup_util_sh.py'
[4.346s] INFO:colcon.colcon_core.shell:Creating prefix chain script '/home/croissant/Documents/Torpedo/ROS/ros2_ws/install/setup.sh'
[4.366s] INFO:colcon.colcon_core.shell:Creating prefix script '/home/croissant/Documents/Torpedo/ROS/ros2_ws/install/local_setup.bash'
[4.377s] INFO:colcon.colcon_core.shell:Creating prefix chain script '/home/croissant/Documents/Torpedo/ROS/ros2_ws/install/setup.bash'
[4.404s] INFO:colcon.colcon_core.shell:Creating prefix script '/home/croissant/Documents/Torpedo/ROS/ros2_ws/install/local_setup.zsh'
[4.405s] INFO:colcon.colcon_core.shell:Creating prefix chain script '/home/croissant/Documents/Torpedo/ROS/ros2_ws/install/setup.zsh'
