[2.615s] Invoking command in '/home/croissant/Documents/Torpedo/ROS/ros2_ws/build/my_robot_controller': PYTHONPATH=/home/croissant/Documents/Torpedo/ROS/ros2_ws/build/my_robot_controller/prefix_override:/home/croissant/Documents/Torpedo/ROS/ros2_ws/install/my_robot_controller/lib/python3.10/site-packages:${PYTHONPATH} /usr/bin/python3 setup.py develop --editable --build-directory /home/croissant/Documents/Torpedo/ROS/ros2_ws/build/my_robot_controller/build --no-deps install_data
[3.004s] running develop
[3.197s] running egg_info
[3.197s] writing my_robot_controller.egg-info/PKG-INFO
[3.197s] writing dependency_links to my_robot_controller.egg-info/dependency_links.txt
[3.197s] writing entry points to my_robot_controller.egg-info/entry_points.txt
[3.198s] writing requirements to my_robot_controller.egg-info/requires.txt
[3.198s] writing top-level names to my_robot_controller.egg-info/top_level.txt
[3.200s] reading manifest file 'my_robot_controller.egg-info/SOURCES.txt'
[3.201s] writing manifest file 'my_robot_controller.egg-info/SOURCES.txt'
[3.202s] running build_ext
[3.203s] Creating /home/croissant/Documents/Torpedo/ROS/ros2_ws/install/my_robot_controller/lib/python3.10/site-packages/my-robot-controller.egg-link (link to .)
[3.204s] Installing draw_circle script to /home/croissant/Documents/Torpedo/ROS/ros2_ws/install/my_robot_controller/lib/my_robot_controller
[3.204s] Installing pose_subscriber script to /home/croissant/Documents/Torpedo/ROS/ros2_ws/install/my_robot_controller/lib/my_robot_controller
[3.204s] Installing test_node script to /home/croissant/Documents/Torpedo/ROS/ros2_ws/install/my_robot_controller/lib/my_robot_controller
[3.204s] Installing turtle_controller script to /home/croissant/Documents/Torpedo/ROS/ros2_ws/install/my_robot_controller/lib/my_robot_controller
[3.205s] 
[3.205s] Installed /home/croissant/Documents/Torpedo/ROS/ros2_ws/build/my_robot_controller
[3.205s] running install_data
[3.246s] Invoked command in '/home/croissant/Documents/Torpedo/ROS/ros2_ws/build/my_robot_controller' returned '0': PYTHONPATH=/home/croissant/Documents/Torpedo/ROS/ros2_ws/build/my_robot_controller/prefix_override:/home/croissant/Documents/Torpedo/ROS/ros2_ws/install/my_robot_controller/lib/python3.10/site-packages:${PYTHONPATH} /usr/bin/python3 setup.py develop --editable --build-directory /home/croissant/Documents/Torpedo/ROS/ros2_ws/build/my_robot_controller/build --no-deps install_data
