[2.169s] DEBUG:colcon:Command line arguments: ['/usr/bin/colcon', 'build']
[2.170s] DEBUG:colcon:Parsed command line arguments: Namespace(log_base=None, log_level=None, verb_name='build', build_base='build', install_base='install', merge_install=False, symlink_install=False, test_result_base=None, continue_on_error=False, executor='parallel', parallel_workers=4, event_handlers=None, ignore_user_meta=False, metas=['./colcon.meta'], base_paths=['.'], packages_ignore=None, packages_ignore_regex=None, paths=None, packages_up_to=None, packages_up_to_regex=None, packages_above=None, packages_above_and_dependencies=None, packages_above_depth=None, packages_select_by_dep=None, packages_skip_by_dep=None, packages_skip_up_to=None, packages_select_build_failed=False, packages_skip_build_finished=False, packages_select_test_failures=False, packages_skip_test_passed=False, packages_select=None, packages_skip=None, packages_select_regex=None, packages_skip_regex=None, packages_start=None, packages_end=None, allow_overriding=[], cmake_args=None, cmake_target=None, cmake_target_skip_unavailable=False, cmake_clean_cache=False, cmake_clean_first=False, cmake_force_configure=False, ament_cmake_args=None, catkin_cmake_args=None, catkin_skip_building_tests=False, verb_parser=<colcon_defaults.argument_parser.defaults.DefaultArgumentsDecorator object at 0x7fda19dc70d0>, verb_extension=<colcon_core.verb.build.BuildVerb object at 0x7fda19fd56f0>, main=<bound method BuildVerb.main of <colcon_core.verb.build.BuildVerb object at 0x7fda19fd56f0>>)
[2.617s] Level 1:colcon.colcon_core.package_discovery:discover_packages(colcon_meta) check parameters
[2.617s] Level 1:colcon.colcon_core.package_discovery:discover_packages(recursive) check parameters
[2.617s] Level 1:colcon.colcon_core.package_discovery:discover_packages(ignore) check parameters
[2.618s] Level 1:colcon.colcon_core.package_discovery:discover_packages(path) check parameters
[2.618s] Level 1:colcon.colcon_core.package_discovery:discover_packages(colcon_meta) discover
[2.618s] Level 1:colcon.colcon_core.package_discovery:discover_packages(recursive) discover
[2.618s] INFO:colcon.colcon_core.package_discovery:Crawling recursively for packages in '/home/croissant/Documents/Torpedo/ROS/ros2_ws'
[2.618s] Level 1:colcon.colcon_core.package_identification:_identify(.) by extensions ['ignore', 'ignore_ament_install']
[2.618s] Level 1:colcon.colcon_core.package_identification:_identify(.) by extension 'ignore'
[2.618s] Level 1:colcon.colcon_core.package_identification:_identify(.) by extension 'ignore_ament_install'
[2.618s] Level 1:colcon.colcon_core.package_identification:_identify(.) by extensions ['colcon_pkg']
[2.618s] Level 1:colcon.colcon_core.package_identification:_identify(.) by extension 'colcon_pkg'
[2.618s] Level 1:colcon.colcon_core.package_identification:_identify(.) by extensions ['colcon_meta']
[2.618s] Level 1:colcon.colcon_core.package_identification:_identify(.) by extension 'colcon_meta'
[2.618s] Level 1:colcon.colcon_core.package_identification:_identify(.) by extensions ['ros']
[2.618s] Level 1:colcon.colcon_core.package_identification:_identify(.) by extension 'ros'
[2.691s] Level 1:colcon.colcon_core.package_identification:_identify(.) by extensions ['cmake', 'python']
[2.691s] Level 1:colcon.colcon_core.package_identification:_identify(.) by extension 'cmake'
[2.691s] Level 1:colcon.colcon_core.package_identification:_identify(.) by extension 'python'
[2.692s] Level 1:colcon.colcon_core.package_identification:_identify(.) by extensions ['python_setup_py']
[2.692s] Level 1:colcon.colcon_core.package_identification:_identify(.) by extension 'python_setup_py'
[2.692s] Level 1:colcon.colcon_core.package_identification:_identify(build) by extensions ['ignore', 'ignore_ament_install']
[2.692s] Level 1:colcon.colcon_core.package_identification:_identify(build) by extension 'ignore'
[2.692s] Level 1:colcon.colcon_core.package_identification:_identify(build) ignored
[2.692s] Level 1:colcon.colcon_core.package_identification:_identify(install) by extensions ['ignore', 'ignore_ament_install']
[2.692s] Level 1:colcon.colcon_core.package_identification:_identify(install) by extension 'ignore'
[2.692s] Level 1:colcon.colcon_core.package_identification:_identify(install) ignored
[2.693s] Level 1:colcon.colcon_core.package_identification:_identify(log) by extensions ['ignore', 'ignore_ament_install']
[2.693s] Level 1:colcon.colcon_core.package_identification:_identify(log) by extension 'ignore'
[2.693s] Level 1:colcon.colcon_core.package_identification:_identify(log) ignored
[2.693s] Level 1:colcon.colcon_core.package_identification:_identify(src) by extensions ['ignore', 'ignore_ament_install']
[2.694s] Level 1:colcon.colcon_core.package_identification:_identify(src) by extension 'ignore'
[2.694s] Level 1:colcon.colcon_core.package_identification:_identify(src) by extension 'ignore_ament_install'
[2.694s] Level 1:colcon.colcon_core.package_identification:_identify(src) by extensions ['colcon_pkg']
[2.694s] Level 1:colcon.colcon_core.package_identification:_identify(src) by extension 'colcon_pkg'
[2.694s] Level 1:colcon.colcon_core.package_identification:_identify(src) by extensions ['colcon_meta']
[2.694s] Level 1:colcon.colcon_core.package_identification:_identify(src) by extension 'colcon_meta'
[2.695s] Level 1:colcon.colcon_core.package_identification:_identify(src) by extensions ['ros']
[2.695s] Level 1:colcon.colcon_core.package_identification:_identify(src) by extension 'ros'
[2.695s] Level 1:colcon.colcon_core.package_identification:_identify(src) by extensions ['cmake', 'python']
[2.695s] Level 1:colcon.colcon_core.package_identification:_identify(src) by extension 'cmake'
[2.695s] Level 1:colcon.colcon_core.package_identification:_identify(src) by extension 'python'
[2.695s] Level 1:colcon.colcon_core.package_identification:_identify(src) by extensions ['python_setup_py']
[2.695s] Level 1:colcon.colcon_core.package_identification:_identify(src) by extension 'python_setup_py'
[2.695s] Level 1:colcon.colcon_core.package_identification:_identify(src/my_robot_controller) by extensions ['ignore', 'ignore_ament_install']
[2.696s] Level 1:colcon.colcon_core.package_identification:_identify(src/my_robot_controller) by extension 'ignore'
[2.696s] Level 1:colcon.colcon_core.package_identification:_identify(src/my_robot_controller) by extension 'ignore_ament_install'
[2.696s] Level 1:colcon.colcon_core.package_identification:_identify(src/my_robot_controller) by extensions ['colcon_pkg']
[2.696s] Level 1:colcon.colcon_core.package_identification:_identify(src/my_robot_controller) by extension 'colcon_pkg'
[2.696s] Level 1:colcon.colcon_core.package_identification:_identify(src/my_robot_controller) by extensions ['colcon_meta']
[2.696s] Level 1:colcon.colcon_core.package_identification:_identify(src/my_robot_controller) by extension 'colcon_meta'
[2.696s] Level 1:colcon.colcon_core.package_identification:_identify(src/my_robot_controller) by extensions ['ros']
[2.696s] Level 1:colcon.colcon_core.package_identification:_identify(src/my_robot_controller) by extension 'ros'
[2.716s] DEBUG:colcon.colcon_core.package_identification:Package 'src/my_robot_controller' with type 'ros.ament_python' and name 'my_robot_controller'
[2.716s] Level 1:colcon.colcon_core.package_discovery:discover_packages(recursive) using defaults
[2.717s] Level 1:colcon.colcon_core.package_discovery:discover_packages(ignore) discover
[2.717s] Level 1:colcon.colcon_core.package_discovery:discover_packages(ignore) using defaults
[2.717s] Level 1:colcon.colcon_core.package_discovery:discover_packages(path) discover
[2.717s] Level 1:colcon.colcon_core.package_discovery:discover_packages(path) using defaults
[3.066s] Level 1:colcon.colcon_core.package_discovery:discover_packages(prefix_path) check parameters
[3.066s] Level 1:colcon.colcon_core.package_discovery:discover_packages(prefix_path) discover
[3.208s] DEBUG:colcon.colcon_installed_package_information.package_discovery:Found 0 installed packages in /home/croissant/Documents/Torpedo/ROS/ros2_ws/install
[3.327s] DEBUG:colcon.colcon_installed_package_information.package_discovery:Found 270 installed packages in /opt/ros/humble
[3.330s] Level 1:colcon.colcon_core.package_discovery:discover_packages(prefix_path) using defaults
[6.777s] Level 5:colcon.colcon_core.verb:set package 'my_robot_controller' build argument 'cmake_args' from command line to 'None'
[6.777s] Level 5:colcon.colcon_core.verb:set package 'my_robot_controller' build argument 'cmake_target' from command line to 'None'
[6.777s] Level 5:colcon.colcon_core.verb:set package 'my_robot_controller' build argument 'cmake_target_skip_unavailable' from command line to 'False'
[6.777s] Level 5:colcon.colcon_core.verb:set package 'my_robot_controller' build argument 'cmake_clean_cache' from command line to 'False'
[6.777s] Level 5:colcon.colcon_core.verb:set package 'my_robot_controller' build argument 'cmake_clean_first' from command line to 'False'
[6.777s] Level 5:colcon.colcon_core.verb:set package 'my_robot_controller' build argument 'cmake_force_configure' from command line to 'False'
[6.777s] Level 5:colcon.colcon_core.verb:set package 'my_robot_controller' build argument 'ament_cmake_args' from command line to 'None'
[6.777s] Level 5:colcon.colcon_core.verb:set package 'my_robot_controller' build argument 'catkin_cmake_args' from command line to 'None'
[6.777s] Level 5:colcon.colcon_core.verb:set package 'my_robot_controller' build argument 'catkin_skip_building_tests' from command line to 'False'
[6.777s] DEBUG:colcon.colcon_core.verb:Building package 'my_robot_controller' with the following arguments: {'ament_cmake_args': None, 'build_base': '/home/croissant/Documents/Torpedo/ROS/ros2_ws/build/my_robot_controller', 'catkin_cmake_args': None, 'catkin_skip_building_tests': False, 'cmake_args': None, 'cmake_clean_cache': False, 'cmake_clean_first': False, 'cmake_force_configure': False, 'cmake_target': None, 'cmake_target_skip_unavailable': False, 'install_base': '/home/croissant/Documents/Torpedo/ROS/ros2_ws/install/my_robot_controller', 'merge_install': False, 'path': '/home/croissant/Documents/Torpedo/ROS/ros2_ws/src/my_robot_controller', 'symlink_install': False, 'test_result_base': None}
[6.792s] INFO:colcon.colcon_core.executor:Executing jobs using 'parallel' executor
[6.808s] DEBUG:colcon.colcon_parallel_executor.executor.parallel:run_until_complete
[6.808s] INFO:colcon.colcon_ros.task.ament_python.build:Building ROS package in '/home/croissant/Documents/Torpedo/ROS/ros2_ws/src/my_robot_controller' with build type 'ament_python'
[6.808s] Level 1:colcon.colcon_core.shell:create_environment_hook('my_robot_controller', 'ament_prefix_path')
[6.968s] INFO:colcon.colcon_core.plugin_system:Skipping extension 'colcon_core.shell.bat': Not used on non-Windows systems
[6.969s] INFO:colcon.colcon_core.shell:Creating environment hook '/home/croissant/Documents/Torpedo/ROS/ros2_ws/install/my_robot_controller/share/my_robot_controller/hook/ament_prefix_path.ps1'
[7.025s] INFO:colcon.colcon_core.shell:Creating environment descriptor '/home/croissant/Documents/Torpedo/ROS/ros2_ws/install/my_robot_controller/share/my_robot_controller/hook/ament_prefix_path.dsv'
[7.069s] INFO:colcon.colcon_core.shell:Creating environment hook '/home/croissant/Documents/Torpedo/ROS/ros2_ws/install/my_robot_controller/share/my_robot_controller/hook/ament_prefix_path.sh'
[7.106s] INFO:colcon.colcon_core.shell:Skip shell extension 'powershell' for command environment: Not usable outside of PowerShell
[7.106s] DEBUG:colcon.colcon_core.shell:Skip shell extension 'dsv' for command environment
[7.521s] INFO:colcon.colcon_core.task.python.build:Building Python package in '/home/croissant/Documents/Torpedo/ROS/ros2_ws/src/my_robot_controller'
[7.538s] INFO:colcon.colcon_core.shell:Skip shell extension 'powershell' for command environment: Not usable outside of PowerShell
[7.538s] DEBUG:colcon.colcon_core.shell:Skip shell extension 'dsv' for command environment
[8.479s] DEBUG:colcon.colcon_core.event_handler.log_command:Invoking command in '/home/croissant/Documents/Torpedo/ROS/ros2_ws/src/my_robot_controller': PYTHONPATH=/home/croissant/Documents/Torpedo/ROS/ros2_ws/build/my_robot_controller/prefix_override:/home/croissant/Documents/Torpedo/ROS/ros2_ws/install/my_robot_controller/lib/python3.10/site-packages:${PYTHONPATH} /usr/bin/python3 setup.py egg_info --egg-base ../../build/my_robot_controller build --build-base /home/croissant/Documents/Torpedo/ROS/ros2_ws/build/my_robot_controller/build install --record /home/croissant/Documents/Torpedo/ROS/ros2_ws/build/my_robot_controller/install.log --single-version-externally-managed
[8.877s] DEBUG:colcon.colcon_core.event_handler.log_command:Invoked command in '/home/croissant/Documents/Torpedo/ROS/ros2_ws/src/my_robot_controller' returned '0': PYTHONPATH=/home/croissant/Documents/Torpedo/ROS/ros2_ws/build/my_robot_controller/prefix_override:/home/croissant/Documents/Torpedo/ROS/ros2_ws/install/my_robot_controller/lib/python3.10/site-packages:${PYTHONPATH} /usr/bin/python3 setup.py egg_info --egg-base ../../build/my_robot_controller build --build-base /home/croissant/Documents/Torpedo/ROS/ros2_ws/build/my_robot_controller/build install --record /home/croissant/Documents/Torpedo/ROS/ros2_ws/build/my_robot_controller/install.log --single-version-externally-managed
[8.961s] Level 1:colcon.colcon_core.environment:checking '/home/croissant/Documents/Torpedo/ROS/ros2_ws/install/my_robot_controller' for CMake module files
[8.962s] Level 1:colcon.colcon_core.environment:checking '/home/croissant/Documents/Torpedo/ROS/ros2_ws/install/my_robot_controller' for CMake config files
[8.963s] Level 1:colcon.colcon_core.environment:checking '/home/croissant/Documents/Torpedo/ROS/ros2_ws/install/my_robot_controller/lib'
[8.964s] Level 1:colcon.colcon_core.environment:checking '/home/croissant/Documents/Torpedo/ROS/ros2_ws/install/my_robot_controller/bin'
[8.964s] Level 1:colcon.colcon_core.environment:checking '/home/croissant/Documents/Torpedo/ROS/ros2_ws/install/my_robot_controller/lib/pkgconfig/my_robot_controller.pc'
[8.965s] Level 1:colcon.colcon_core.environment:checking '/home/croissant/Documents/Torpedo/ROS/ros2_ws/install/my_robot_controller/lib/python3.10/site-packages'
[8.965s] Level 1:colcon.colcon_core.shell:create_environment_hook('my_robot_controller', 'pythonpath')
[8.989s] INFO:colcon.colcon_core.shell:Creating environment hook '/home/croissant/Documents/Torpedo/ROS/ros2_ws/install/my_robot_controller/share/my_robot_controller/hook/pythonpath.ps1'
[8.990s] INFO:colcon.colcon_core.shell:Creating environment descriptor '/home/croissant/Documents/Torpedo/ROS/ros2_ws/install/my_robot_controller/share/my_robot_controller/hook/pythonpath.dsv'
[8.990s] INFO:colcon.colcon_core.shell:Creating environment hook '/home/croissant/Documents/Torpedo/ROS/ros2_ws/install/my_robot_controller/share/my_robot_controller/hook/pythonpath.sh'
[8.991s] Level 1:colcon.colcon_core.environment:checking '/home/croissant/Documents/Torpedo/ROS/ros2_ws/install/my_robot_controller/bin'
[8.992s] Level 1:colcon.colcon_core.environment:create_environment_scripts_only(my_robot_controller)
[9.012s] INFO:colcon.colcon_core.shell:Creating package script '/home/croissant/Documents/Torpedo/ROS/ros2_ws/install/my_robot_controller/share/my_robot_controller/package.ps1'
[9.037s] INFO:colcon.colcon_core.shell:Creating package descriptor '/home/croissant/Documents/Torpedo/ROS/ros2_ws/install/my_robot_controller/share/my_robot_controller/package.dsv'
[9.073s] INFO:colcon.colcon_core.shell:Creating package script '/home/croissant/Documents/Torpedo/ROS/ros2_ws/install/my_robot_controller/share/my_robot_controller/package.sh'
[9.075s] INFO:colcon.colcon_core.shell:Creating package script '/home/croissant/Documents/Torpedo/ROS/ros2_ws/install/my_robot_controller/share/my_robot_controller/package.bash'
[9.087s] INFO:colcon.colcon_core.shell:Creating package script '/home/croissant/Documents/Torpedo/ROS/ros2_ws/install/my_robot_controller/share/my_robot_controller/package.zsh'
[9.112s] Level 1:colcon.colcon_core.environment:create_file_with_runtime_dependencies(/home/croissant/Documents/Torpedo/ROS/ros2_ws/install/my_robot_controller/share/colcon-core/packages/my_robot_controller)
[9.113s] DEBUG:colcon.colcon_parallel_executor.executor.parallel:closing loop
[9.114s] DEBUG:colcon.colcon_parallel_executor.executor.parallel:loop closed
[9.115s] DEBUG:colcon.colcon_parallel_executor.executor.parallel:run_until_complete finished with '0'
[9.115s] DEBUG:colcon.colcon_core.event_reactor:joining thread
[9.268s] INFO:colcon.colcon_core.plugin_system:Skipping extension 'colcon_notification.desktop_notification.terminal_notifier': Not used on non-Darwin systems
[9.268s] INFO:colcon.colcon_core.plugin_system:Skipping extension 'colcon_notification.desktop_notification.win32': Not used on non-Windows systems
[9.269s] INFO:colcon.colcon_notification.desktop_notification:Sending desktop notification using 'notify2'
[9.372s] DEBUG:colcon.colcon_core.event_reactor:joined thread
[9.409s] INFO:colcon.colcon_core.shell:Creating prefix script '/home/croissant/Documents/Torpedo/ROS/ros2_ws/install/local_setup.ps1'
[9.599s] INFO:colcon.colcon_core.shell:Creating prefix util module '/home/croissant/Documents/Torpedo/ROS/ros2_ws/install/_local_setup_util_ps1.py'
[9.618s] INFO:colcon.colcon_core.shell:Creating prefix chain script '/home/croissant/Documents/Torpedo/ROS/ros2_ws/install/setup.ps1'
[9.807s] INFO:colcon.colcon_core.shell:Creating prefix script '/home/croissant/Documents/Torpedo/ROS/ros2_ws/install/local_setup.sh'
[9.943s] INFO:colcon.colcon_core.shell:Creating prefix util module '/home/croissant/Documents/Torpedo/ROS/ros2_ws/install/_local_setup_util_sh.py'
[9.965s] INFO:colcon.colcon_core.shell:Creating prefix chain script '/home/croissant/Documents/Torpedo/ROS/ros2_ws/install/setup.sh'
[10.023s] INFO:colcon.colcon_core.shell:Creating prefix script '/home/croissant/Documents/Torpedo/ROS/ros2_ws/install/local_setup.bash'
[10.110s] INFO:colcon.colcon_core.shell:Creating prefix chain script '/home/croissant/Documents/Torpedo/ROS/ros2_ws/install/setup.bash'
[10.138s] INFO:colcon.colcon_core.shell:Creating prefix script '/home/croissant/Documents/Torpedo/ROS/ros2_ws/install/local_setup.zsh'
[10.233s] INFO:colcon.colcon_core.shell:Creating prefix chain script '/home/croissant/Documents/Torpedo/ROS/ros2_ws/install/setup.zsh'
